<?xml version="1.0" encoding="UTF-8"?>
<!-- Generated by org.testng.reporters.JUnitXMLReporter -->
<testsuite hostname="NavTech-PC" ignored="0" name="Validating User login" tests="1" failures="0" timestamp="16 Dec 2018 04:09:14 GMT" time="0.044" errors="0">
  <testcase name="@BeforeTest initialize" time="0.011" classname="SurveyMonkey.HomePage">
    <failure type="java.io.FileNotFoundException" message="C:\ClassTraining\Selenium\Programs\SurveyFrameWork\src\main\java\resources\config.properties (The system cannot find the path specified)">
      <![CDATA[java.io.FileNotFoundException: C:\ClassTraining\Selenium\Programs\SurveyFrameWork\src\main\java\resources\config.properties (The system cannot find the path specified)
at java.io.FileInputStream.open0(Native Method)
at java.io.FileInputStream.open(Unknown Source)
at java.io.FileInputStream.<init>(Unknown Source)
at java.io.FileInputStream.<init>(Unknown Source)
at resources.base.initializeDriver(base.java:27)
at SurveyMonkey.HomePage.initialize(HomePage.java:21)
... Removed 24 stack frames]]>
    </failure>
  </testcase> <!-- @BeforeTest initialize -->
  <testcase name="@AfterTest tearDown" time="0.0" classname="SurveyMonkey.HomePage">
    <skipped/>
  </testcase> <!-- @AfterTest tearDown -->
  <testcase name="basePageNavigation" time="0.0" classname="SurveyMonkey.HomePage">
    <skipped/>
  </testcase> <!-- basePageNavigation -->
</testsuite> <!-- Validating User login -->
