<?xml version="1.0" encoding="UTF-8"?>
<testng-results skipped="0" failed="0" ignored="0" total="2" passed="2">
  <reporter-output>
  </reporter-output>
  <suite name="Default suite" duration-ms="21796" started-at="2019-04-10T02:02:03Z" finished-at="2019-04-10T02:02:25Z">
    <groups>
    </groups>
    <test name="Default test" duration-ms="21796" started-at="2019-04-10T02:02:03Z" finished-at="2019-04-10T02:02:25Z">
      <class name="SurveyMonkey.LoginTest">
        <test-method status="PASS" signature="beforeTest()[pri:0, instance:SurveyMonkey.LoginTest@fa7c39]" name="beforeTest" is-config="true" duration-ms="10545" started-at="2019-04-10T02:02:03Z" finished-at="2019-04-10T02:02:13Z">
          <reporter-output>
          </reporter-output>
        </test-method> <!-- beforeTest -->
        <test-method status="PASS" signature="AppLogin(java.lang.String, java.lang.String)[pri:0, instance:SurveyMonkey.LoginTest@fa7c39]" name="AppLogin" duration-ms="1689" started-at="2019-04-10T02:02:15Z" data-provider="dp" finished-at="2019-04-10T02:02:16Z">
          <params>
            <param index="0">
              <value>
                <![CDATA[seltr]]>
              </value>
            </param>
            <param index="1">
              <value>
                <![CDATA[s]]>
              </value>
            </param>
          </params>
          <reporter-output>
          </reporter-output>
        </test-method> <!-- AppLogin -->
        <test-method status="PASS" signature="AppLogin(java.lang.String, java.lang.String)[pri:0, instance:SurveyMonkey.LoginTest@fa7c39]" name="AppLogin" duration-ms="6194" started-at="2019-04-10T02:02:16Z" data-provider="dp" finished-at="2019-04-10T02:02:22Z">
          <params>
            <param index="0">
              <value>
                <![CDATA[seleniumtraining]]>
              </value>
            </param>
            <param index="1">
              <value>
                <![CDATA[selenium1234]]>
              </value>
            </param>
          </params>
          <reporter-output>
          </reporter-output>
        </test-method> <!-- AppLogin -->
        <test-method status="PASS" signature="tearDown()[pri:0, instance:SurveyMonkey.LoginTest@fa7c39]" name="tearDown" is-config="true" duration-ms="2191" started-at="2019-04-10T02:02:22Z" finished-at="2019-04-10T02:02:25Z">
          <reporter-output>
          </reporter-output>
        </test-method> <!-- tearDown -->
      </class> <!-- SurveyMonkey.LoginTest -->
    </test> <!-- Default test -->
  </suite> <!-- Default suite -->
</testng-results>
